17:28:23.273 [DEBUG] [org.gradle.launcher.daemon.bootstrap.DaemonMain] Assuming the daemon was started with following jvm opts: [-XX:+HeapDumpOnOutOfMemoryError, -Xmx1024m, -Dfile.encoding=UTF-8, -Duser.country, -Duser.language=en, -Duser.variant]
17:28:23.821 [INFO] [org.gradle.launcher.daemon.server.Daemon] start() called on daemon - DefaultDaemonContext[uid=4dc50f0d-f25f-4889-a4b7-5133035ad986,javaHome=/opt/jdk1.8.0_172,daemonRegistryDir=/app/cache/daemon,pid=28,idleTimeout=10800000,daemonOpts=-XX:+HeapDumpOnOutOfMemoryError,-Xmx1024m,-Dfile.encoding=UTF-8,-Duser.country,-Duser.language=en,-Duser.variant]
17:28:23.879 [DEBUG] [org.gradle.internal.remote.internal.inet.InetAddresses] Adding IP addresses for network interface eth0
17:28:23.883 [DEBUG] [org.gradle.internal.remote.internal.inet.InetAddresses] Is this a loopback interface? false
17:28:23.886 [DEBUG] [org.gradle.internal.remote.internal.inet.InetAddresses] Is this a multicast interface? true
17:28:23.893 [DEBUG] [org.gradle.internal.remote.internal.inet.InetAddresses] Adding remote address /172.27.0.2
17:28:23.896 [DEBUG] [org.gradle.internal.remote.internal.inet.InetAddresses] Adding remote multicast interface eth0
17:28:23.900 [DEBUG] [org.gradle.internal.remote.internal.inet.InetAddresses] Adding IP addresses for network interface lo
17:28:23.903 [DEBUG] [org.gradle.internal.remote.internal.inet.InetAddresses] Is this a loopback interface? true
17:28:23.906 [DEBUG] [org.gradle.internal.remote.internal.inet.InetAddresses] Is this a multicast interface? false
17:28:23.909 [DEBUG] [org.gradle.internal.remote.internal.inet.InetAddresses] Adding loopback address /127.0.0.1
17:28:23.918 [DEBUG] [org.gradle.internal.remote.internal.inet.TcpIncomingConnector] Listening on [53271b3d-f2b8-4557-b2c0-a27786d56b71 port:40907, addresses:[/127.0.0.1]].
17:28:23.926 [DEBUG] [org.gradle.launcher.daemon.server.Daemon] Daemon starting at: Wed Jun 13 17:28:23 GMT 2018, with address: [53271b3d-f2b8-4557-b2c0-a27786d56b71 port:40907, addresses:[/127.0.0.1]]
17:28:23.936 [INFO] [org.gradle.launcher.daemon.server.DaemonRegistryUpdater] Advertising the daemon address to the clients: [53271b3d-f2b8-4557-b2c0-a27786d56b71 port:40907, addresses:[/127.0.0.1]]
17:28:23.941 [DEBUG] [org.gradle.launcher.daemon.server.DaemonRegistryUpdater] Advertised daemon context: DefaultDaemonContext[uid=4dc50f0d-f25f-4889-a4b7-5133035ad986,javaHome=/opt/jdk1.8.0_172,daemonRegistryDir=/app/cache/daemon,pid=28,idleTimeout=10800000,daemonOpts=-XX:+HeapDumpOnOutOfMemoryError,-Xmx1024m,-Dfile.encoding=UTF-8,-Duser.country,-Duser.language=en,-Duser.variant]
17:28:23.946 [DEBUG] [org.gradle.launcher.daemon.registry.PersistentDaemonRegistry] Storing daemon address: [53271b3d-f2b8-4557-b2c0-a27786d56b71 port:40907, addresses:[/127.0.0.1]], context: DefaultDaemonContext[uid=4dc50f0d-f25f-4889-a4b7-5133035ad986,javaHome=/opt/jdk1.8.0_172,daemonRegistryDir=/app/cache/daemon,pid=28,idleTimeout=10800000,daemonOpts=-XX:+HeapDumpOnOutOfMemoryError,-Xmx1024m,-Dfile.encoding=UTF-8,-Duser.country,-Duser.language=en,-Duser.variant]
17:28:23.994 [DEBUG] [org.gradle.cache.internal.DefaultFileLockManager] Waiting to acquire exclusive lock on daemon addresses registry.
17:28:24.003 [DEBUG] [org.gradle.cache.internal.DefaultFileLockManager] Lock acquired on daemon addresses registry.
17:28:24.042 [DEBUG] [org.gradle.cache.internal.DefaultFileLockManager] Releasing lock on daemon addresses registry.
17:28:24.048 [LIFECYCLE] [org.gradle.launcher.daemon.server.Daemon] Daemon server started.
17:28:24.068 [DEBUG] [org.gradle.launcher.daemon.bootstrap.DaemonStartupCommunication] Completed writing the daemon greeting. Closing streams...
17:28:24.100 [DEBUG] [org.gradle.launcher.daemon.server.Daemon] stopOnExpiration() called on daemon
17:28:24.108 [DEBUG] [org.gradle.internal.remote.internal.inet.TcpIncomingConnector] Accepted connection from /127.0.0.1:45858 to /127.0.0.1:40907.
17:28:24.117 [DEBUG] [org.gradle.launcher.daemon.server.Daemon] awaitExpiration() called on daemon
17:28:24.132 [DEBUG] [org.gradle.launcher.daemon.server.DaemonStateCoordinator] daemon is running. Sleeping until state changes.
17:28:24.541 [DEBUG] [org.gradle.launcher.daemon.server.SynchronizedDispatchConnection] thread 14: received class org.gradle.launcher.daemon.protocol.Build
17:28:24.546 [DEBUG] [org.gradle.launcher.daemon.server.DefaultDaemonConnection] thread 14: Received non-IO message from client: Build{id=bd8ebd2c-675a-49ba-9693-6782138a573b.1, currentDir=/app}
17:28:24.551 [INFO] [org.gradle.launcher.daemon.server.DefaultIncomingConnectionHandler] Received command: Build{id=bd8ebd2c-675a-49ba-9693-6782138a573b.1, currentDir=/app}.
17:28:24.554 [DEBUG] [org.gradle.launcher.daemon.server.DefaultIncomingConnectionHandler] Starting executing command: Build{id=bd8ebd2c-675a-49ba-9693-6782138a573b.1, currentDir=/app} with connection: socket connection from /127.0.0.1:40907 to /127.0.0.1:45858.
17:28:24.564 [ERROR] [org.gradle.launcher.daemon.server.DaemonStateCoordinator] Command execution: started DaemonCommandExecution[command = Build{id=bd8ebd2c-675a-49ba-9693-6782138a573b.1, currentDir=/app}, connection = DefaultDaemonConnection: socket connection from /127.0.0.1:40907 to /127.0.0.1:45858] after 0.0 minutes of idle
17:28:24.568 [INFO] [org.gradle.launcher.daemon.server.DaemonRegistryUpdater] Marking the daemon as busy, address: [53271b3d-f2b8-4557-b2c0-a27786d56b71 port:40907, addresses:[/127.0.0.1]]
17:28:24.573 [DEBUG] [org.gradle.launcher.daemon.registry.PersistentDaemonRegistry] Marking busy by address: [53271b3d-f2b8-4557-b2c0-a27786d56b71 port:40907, addresses:[/127.0.0.1]]
17:28:24.583 [DEBUG] [org.gradle.cache.internal.DefaultFileLockManager] Waiting to acquire exclusive lock on daemon addresses registry.
17:28:24.588 [DEBUG] [org.gradle.cache.internal.DefaultFileLockManager] Lock acquired on daemon addresses registry.
17:28:24.606 [DEBUG] [org.gradle.cache.internal.DefaultFileLockManager] Releasing lock on daemon addresses registry.
17:28:24.611 [DEBUG] [org.gradle.launcher.daemon.server.DaemonStateCoordinator] resetting idle timer
17:28:24.616 [DEBUG] [org.gradle.launcher.daemon.server.DaemonStateCoordinator] daemon is running. Sleeping until state changes.
17:28:24.618 [INFO] [org.gradle.launcher.daemon.server.exec.StartBuildOrRespondWithBusy] Daemon is about to start building Build{id=bd8ebd2c-675a-49ba-9693-6782138a573b.1, currentDir=/app}. Dispatching build started information...
17:28:24.630 [DEBUG] [org.gradle.launcher.daemon.server.SynchronizedDispatchConnection] thread 16: dispatching class org.gradle.launcher.daemon.protocol.BuildStarted
17:28:24.659 [DEBUG] [org.gradle.launcher.daemon.server.exec.EstablishBuildEnvironment] Configuring env variables: {PATH=/usr/local/sbin:/usr/local/bin:/usr/sbin:/usr/bin:/sbin:/bin:/opt/jdk/bin, JAVA_JCE=unlimited, SPRING_PROFILES_ACTIVE=dev, JAVA_HOME=/opt/jdk, OLDPWD=/app, GLIBC_VERSION=2.27-r0, LANG=C.UTF-8, JAVA_VERSION_MAJOR=8, GRADLE_USER_HOME=cache, HOSTNAME=540a74af4268, GLIBC_REPO=https://github.com/sgerrand/alpine-pkg-glibc, JAVA_VERSION_MINOR=172, PWD=/app, JAVA_PACKAGE=jdk, JAVA_VERSION_BUILD=11, HOME=/root, SHLVL=1}
17:28:24.682 [DEBUG] [org.gradle.launcher.daemon.server.SynchronizedDispatchConnection] thread 14: received class org.gradle.launcher.daemon.protocol.CloseInput
17:28:24.685 [DEBUG] [org.gradle.launcher.daemon.server.DefaultDaemonConnection] thread 14: Received IO message from client: org.gradle.launcher.daemon.protocol.CloseInput@1fcbc148
17:28:24.690 [DEBUG] [org.gradle.launcher.daemon.server.exec.LogToClient] About to start relaying all logs to the client via the connection.
17:28:24.693 [INFO] [org.gradle.launcher.daemon.server.exec.LogToClient] The client will now receive all logging from the daemon (pid: 28). The daemon log file: /app/cache/daemon/4.5.1/daemon-28.out.log
17:28:24.698 [INFO] [org.gradle.launcher.daemon.server.exec.LogAndCheckHealth] Starting build in new daemon [memory: 954.7 MB]
17:28:24.703 [INFO] [org.gradle.launcher.daemon.server.exec.ForwardClientInput] Closing daemon's stdin at end of input.
17:28:24.713 [INFO] [org.gradle.launcher.daemon.server.exec.ForwardClientInput] The daemon will no longer process any standard input.
17:28:24.715 [DEBUG] [org.gradle.launcher.daemon.server.exec.ExecuteBuild] The daemon has started executing the build.
17:28:24.719 [DEBUG] [org.gradle.launcher.daemon.server.exec.ExecuteBuild] Executing build with daemon context: DefaultDaemonContext[uid=4dc50f0d-f25f-4889-a4b7-5133035ad986,javaHome=/opt/jdk1.8.0_172,daemonRegistryDir=/app/cache/daemon,pid=28,idleTimeout=10800000,daemonOpts=-XX:+HeapDumpOnOutOfMemoryError,-Xmx1024m,-Dfile.encoding=UTF-8,-Duser.country,-Duser.language=en,-Duser.variant]
:compileJava
:processResources UP-TO-DATE
:classes
:bootRun
17:28:50.153 [main] DEBUG org.springframework.boot.devtools.settings.DevToolsSettings - Included patterns for restart : []
17:28:50.177 [main] DEBUG org.springframework.boot.devtools.settings.DevToolsSettings - Excluded patterns for restart : [/spring-boot-actuator/target/classes/, /spring-boot-devtools/target/classes/, /spring-boot/target/classes/, /spring-boot-starter-[\w-]+/, /spring-boot-autoconfigure/target/classes/, /spring-boot-starter/target/classes/]
17:28:50.197 [main] DEBUG org.springframework.boot.devtools.restart.ChangeableUrls - Matching URLs for reloading : [file:/app/build/classes/java/main/, file:/app/build/resources/main/]

  .   ____          _            __ _ _
 /\\ / ___'_ __ _ _(_)_ __  __ _ \ \ \ \
( ( )\___ | '_ | '_| | '_ \/ _` | \ \ \ \
 \\/  ___)| |_)| | | | | || (_| |  ) ) ) )
  '  |____| .__|_| |_|_| |_\__, | / / / /
 =========|_|==============|___/=/_/_/_/
 :: Spring Boot ::        (v2.0.2.RELEASE)

2018-06-13 17:28:52.816  INFO 66 --- [  restartedMain] c.e.t.MovieApplication                   : Starting MovieApplication on 540a74af4268 with PID 66 (/app/build/classes/java/main started by root in /app)
2018-06-13 17:28:52.825  INFO 66 --- [  restartedMain] c.e.t.MovieApplication                   : The following profiles are active: dev
2018-06-13 17:28:53.210  INFO 66 --- [  restartedMain] ConfigServletWebServerApplicationContext : Refreshing org.springframework.boot.web.servlet.context.AnnotationConfigServletWebServerApplicationContext@5bf5393: startup date [Wed Jun 13 17:28:53 GMT 2018]; root of context hierarchy
2018-06-13 17:29:00.483  INFO 66 --- [  restartedMain] trationDelegate$BeanPostProcessorChecker : Bean 'org.springframework.transaction.annotation.ProxyTransactionManagementConfiguration' of type [org.springframework.transaction.annotation.ProxyTransactionManagementConfiguration$$EnhancerBySpringCGLIB$$7a2963ea] is not eligible for getting processed by all BeanPostProcessors (for example: not eligible for auto-proxying)
2018-06-13 17:29:02.622  INFO 66 --- [  restartedMain] o.s.b.w.embedded.tomcat.TomcatWebServer  : Tomcat initialized with port(s): 8080 (http)
2018-06-13 17:29:02.779  INFO 66 --- [  restartedMain] o.apache.catalina.core.StandardService   : Starting service [Tomcat]
2018-06-13 17:29:02.779  INFO 66 --- [  restartedMain] org.apache.catalina.core.StandardEngine  : Starting Servlet Engine: Apache Tomcat/8.5.31
2018-06-13 17:29:02.812  INFO 66 --- [ost-startStop-1] o.a.catalina.core.AprLifecycleListener   : The APR based Apache Tomcat Native library which allows optimal performance in production environments was not found on the java.library.path: [/usr/java/packages/lib/amd64:/usr/lib64:/lib64:/lib:/usr/lib]
2018-06-13 17:29:03.686  INFO 66 --- [ost-startStop-1] o.a.c.c.C.[Tomcat].[localhost].[/]       : Initializing Spring embedded WebApplicationContext
2018-06-13 17:29:03.687  INFO 66 --- [ost-startStop-1] o.s.web.context.ContextLoader            : Root WebApplicationContext: initialization completed in 10493 ms
2018-06-13 17:29:04.581  INFO 66 --- [ost-startStop-1] o.s.b.w.servlet.ServletRegistrationBean  : Servlet dispatcherServlet mapped to [/]
2018-06-13 17:29:04.602  INFO 66 --- [ost-startStop-1] o.s.b.w.servlet.FilterRegistrationBean   : Mapping filter: 'characterEncodingFilter' to: [/*]
2018-06-13 17:29:04.603  INFO 66 --- [ost-startStop-1] o.s.b.w.servlet.FilterRegistrationBean   : Mapping filter: 'hiddenHttpMethodFilter' to: [/*]
2018-06-13 17:29:04.603  INFO 66 --- [ost-startStop-1] o.s.b.w.servlet.FilterRegistrationBean   : Mapping filter: 'httpPutFormContentFilter' to: [/*]
2018-06-13 17:29:04.604  INFO 66 --- [ost-startStop-1] o.s.b.w.servlet.FilterRegistrationBean   : Mapping filter: 'requestContextFilter' to: [/*]
2018-06-13 17:29:05.592  INFO 66 --- [  restartedMain] com.zaxxer.hikari.HikariDataSource       : HikariPool-1 - Starting...
2018-06-13 17:29:05.824  INFO 66 --- [  restartedMain] com.zaxxer.hikari.HikariDataSource       : HikariPool-1 - Start completed.
2018-06-13 17:29:06.161  INFO 66 --- [  restartedMain] j.LocalContainerEntityManagerFactoryBean : Building JPA container EntityManagerFactory for persistence unit 'default'
2018-06-13 17:29:06.238  INFO 66 --- [  restartedMain] o.hibernate.jpa.internal.util.LogHelper  : HHH000204: Processing PersistenceUnitInfo [
	name: default
	...]
2018-06-13 17:29:06.592  INFO 66 --- [  restartedMain] org.hibernate.Version                    : HHH000412: Hibernate Core {5.2.17.Final}
2018-06-13 17:29:06.596  INFO 66 --- [  restartedMain] org.hibernate.cfg.Environment            : HHH000206: hibernate.properties not found
2018-06-13 17:29:06.864  INFO 66 --- [  restartedMain] o.hibernate.annotations.common.Version   : HCANN000001: Hibernate Commons Annotations {5.0.1.Final}
2018-06-13 17:29:07.425  INFO 66 --- [  restartedMain] org.hibernate.dialect.Dialect            : HHH000400: Using dialect: org.hibernate.dialect.PostgreSQL95Dialect
2018-06-13 17:29:07.758  INFO 66 --- [  restartedMain] o.h.e.j.e.i.LobCreatorBuilderImpl        : HHH000424: Disabling contextual LOB creation as createClob() method threw error : java.lang.reflect.InvocationTargetException

java.lang.reflect.InvocationTargetException: null
	at sun.reflect.NativeMethodAccessorImpl.invoke0(Native Method) ~[na:1.8.0_172]
	at sun.reflect.NativeMethodAccessorImpl.invoke(NativeMethodAccessorImpl.java:62) ~[na:1.8.0_172]
	at sun.reflect.DelegatingMethodAccessorImpl.invoke(DelegatingMethodAccessorImpl.java:43) ~[na:1.8.0_172]
	at java.lang.reflect.Method.invoke(Method.java:498) ~[na:1.8.0_172]
	at org.hibernate.engine.jdbc.env.internal.LobCreatorBuilderImpl.useContextualLobCreation(LobCreatorBuilderImpl.java:113) [hibernate-core-5.2.17.Final.jar:5.2.17.Final]
	at org.hibernate.engine.jdbc.env.internal.LobCreatorBuilderImpl.makeLobCreatorBuilder(LobCreatorBuilderImpl.java:54) [hibernate-core-5.2.17.Final.jar:5.2.17.Final]
	at org.hibernate.engine.jdbc.env.internal.JdbcEnvironmentImpl.<init>(JdbcEnvironmentImpl.java:271) [hibernate-core-5.2.17.Final.jar:5.2.17.Final]
	at org.hibernate.engine.jdbc.env.internal.JdbcEnvironmentInitiator.initiateService(JdbcEnvironmentInitiator.java:114) [hibernate-core-5.2.17.Final.jar:5.2.17.Final]
	at org.hibernate.engine.jdbc.env.internal.JdbcEnvironmentInitiator.initiateService(JdbcEnvironmentInitiator.java:35) [hibernate-core-5.2.17.Final.jar:5.2.17.Final]
	at org.hibernate.boot.registry.internal.StandardServiceRegistryImpl.initiateService(StandardServiceRegistryImpl.java:88) [hibernate-core-5.2.17.Final.jar:5.2.17.Final]
	at org.hibernate.service.internal.AbstractServiceRegistryImpl.createService(AbstractServiceRegistryImpl.java:259) [hibernate-core-5.2.17.Final.jar:5.2.17.Final]
	at org.hibernate.service.internal.AbstractServiceRegistryImpl.initializeService(AbstractServiceRegistryImpl.java:233) [hibernate-core-5.2.17.Final.jar:5.2.17.Final]
	at org.hibernate.service.internal.AbstractServiceRegistryImpl.getService(AbstractServiceRegistryImpl.java:210) [hibernate-core-5.2.17.Final.jar:5.2.17.Final]
	at org.hibernate.engine.jdbc.internal.JdbcServicesImpl.configure(JdbcServicesImpl.java:51) [hibernate-core-5.2.17.Final.jar:5.2.17.Final]
	at org.hibernate.boot.registry.internal.StandardServiceRegistryImpl.configureService(StandardServiceRegistryImpl.java:94) [hibernate-core-5.2.17.Final.jar:5.2.17.Final]
	at org.hibernate.service.internal.AbstractServiceRegistryImpl.initializeService(AbstractServiceRegistryImpl.java:242) [hibernate-core-5.2.17.Final.jar:5.2.17.Final]
	at org.hibernate.service.internal.AbstractServiceRegistryImpl.getService(AbstractServiceRegistryImpl.java:210) [hibernate-core-5.2.17.Final.jar:5.2.17.Final]
	at org.hibernate.boot.model.process.spi.MetadataBuildingProcess.handleTypes(MetadataBuildingProcess.java:352) [hibernate-core-5.2.17.Final.jar:5.2.17.Final]
	at org.hibernate.boot.model.process.spi.MetadataBuildingProcess.complete(MetadataBuildingProcess.java:111) [hibernate-core-5.2.17.Final.jar:5.2.17.Final]
	at org.hibernate.jpa.boot.internal.EntityManagerFactoryBuilderImpl.metadata(EntityManagerFactoryBuilderImpl.java:861) [hibernate-core-5.2.17.Final.jar:5.2.17.Final]
	at org.hibernate.jpa.boot.internal.EntityManagerFactoryBuilderImpl.build(EntityManagerFactoryBuilderImpl.java:888) [hibernate-core-5.2.17.Final.jar:5.2.17.Final]
	at org.springframework.orm.jpa.vendor.SpringHibernateJpaPersistenceProvider.createContainerEntityManagerFactory(SpringHibernateJpaPersistenceProvider.java:57) [spring-orm-5.0.6.RELEASE.jar:5.0.6.RELEASE]
	at org.springframework.orm.jpa.LocalContainerEntityManagerFactoryBean.createNativeEntityManagerFactory(LocalContainerEntityManagerFactoryBean.java:365) [spring-orm-5.0.6.RELEASE.jar:5.0.6.RELEASE]
	at org.springframework.orm.jpa.AbstractEntityManagerFactoryBean.buildNativeEntityManagerFactory(AbstractEntityManagerFactoryBean.java:390) [spring-orm-5.0.6.RELEASE.jar:5.0.6.RELEASE]
	at org.springframework.orm.jpa.AbstractEntityManagerFactoryBean.afterPropertiesSet(AbstractEntityManagerFactoryBean.java:377) [spring-orm-5.0.6.RELEASE.jar:5.0.6.RELEASE]
	at org.springframework.orm.jpa.LocalContainerEntityManagerFactoryBean.afterPropertiesSet(LocalContainerEntityManagerFactoryBean.java:341) [spring-orm-5.0.6.RELEASE.jar:5.0.6.RELEASE]
	at org.springframework.beans.factory.support.AbstractAutowireCapableBeanFactory.invokeInitMethods(AbstractAutowireCapableBeanFactory.java:1765) [spring-beans-5.0.6.RELEASE.jar:5.0.6.RELEASE]
	at org.springframework.beans.factory.support.AbstractAutowireCapableBeanFactory.initializeBean(AbstractAutowireCapableBeanFactory.java:1702) [spring-beans-5.0.6.RELEASE.jar:5.0.6.RELEASE]
	at org.springframework.beans.factory.support.AbstractAutowireCapableBeanFactory.doCreateBean(AbstractAutowireCapableBeanFactory.java:579) [spring-beans-5.0.6.RELEASE.jar:5.0.6.RELEASE]
	at org.springframework.beans.factory.support.AbstractAutowireCapableBeanFactory.createBean(AbstractAutowireCapableBeanFactory.java:501) [spring-beans-5.0.6.RELEASE.jar:5.0.6.RELEASE]
	at org.springframework.beans.factory.support.AbstractBeanFactory.lambda$doGetBean$0(AbstractBeanFactory.java:317) [spring-beans-5.0.6.RELEASE.jar:5.0.6.RELEASE]
	at org.springframework.beans.factory.support.DefaultSingletonBeanRegistry.getSingleton(DefaultSingletonBeanRegistry.java:228) ~[spring-beans-5.0.6.RELEASE.jar:5.0.6.RELEASE]
	at org.springframework.beans.factory.support.AbstractBeanFactory.doGetBean(AbstractBeanFactory.java:315) [spring-beans-5.0.6.RELEASE.jar:5.0.6.RELEASE]
	at org.springframework.beans.factory.support.AbstractBeanFactory.getBean(AbstractBeanFactory.java:199) [spring-beans-5.0.6.RELEASE.jar:5.0.6.RELEASE]
	at org.springframework.context.support.AbstractApplicationContext.getBean(AbstractApplicationContext.java:1089) ~[spring-context-5.0.6.RELEASE.jar:5.0.6.RELEASE]
	at org.springframework.context.support.AbstractApplicationContext.finishBeanFactoryInitialization(AbstractApplicationContext.java:859) ~[spring-context-5.0.6.RELEASE.jar:5.0.6.RELEASE]
	at org.springframework.context.support.AbstractApplicationContext.refresh(AbstractApplicationContext.java:550) ~[spring-context-5.0.6.RELEASE.jar:5.0.6.RELEASE]
	at org.springframework.boot.web.servlet.context.ServletWebServerApplicationContext.refresh(ServletWebServerApplicationContext.java:140) ~[spring-boot-2.0.2.RELEASE.jar:2.0.2.RELEASE]
	at org.springframework.boot.SpringApplication.refresh(SpringApplication.java:759) ~[spring-boot-2.0.2.RELEASE.jar:2.0.2.RELEASE]
	at org.springframework.boot.SpringApplication.refreshContext(SpringApplication.java:395) ~[spring-boot-2.0.2.RELEASE.jar:2.0.2.RELEASE]
	at org.springframework.boot.SpringApplication.run(SpringApplication.java:327) ~[spring-boot-2.0.2.RELEASE.jar:2.0.2.RELEASE]
	at org.springframework.boot.SpringApplication.run(SpringApplication.java:1255) ~[spring-boot-2.0.2.RELEASE.jar:2.0.2.RELEASE]
	at org.springframework.boot.SpringApplication.run(SpringApplication.java:1243) ~[spring-boot-2.0.2.RELEASE.jar:2.0.2.RELEASE]
	at com.example.testingspringbootmonolith.MovieApplication.main(MovieApplication.java:12) ~[main/:na]
	at sun.reflect.NativeMethodAccessorImpl.invoke0(Native Method) ~[na:1.8.0_172]
	at sun.reflect.NativeMethodAccessorImpl.invoke(NativeMethodAccessorImpl.java:62) ~[na:1.8.0_172]
	at sun.reflect.DelegatingMethodAccessorImpl.invoke(DelegatingMethodAccessorImpl.java:43) ~[na:1.8.0_172]
	at java.lang.reflect.Method.invoke(Method.java:498) ~[na:1.8.0_172]
	at org.springframework.boot.devtools.restart.RestartLauncher.run(RestartLauncher.java:49) ~[spring-boot-devtools-2.0.2.RELEASE.jar:2.0.2.RELEASE]
Caused by: java.sql.SQLFeatureNotSupportedException: Method org.postgresql.jdbc.PgConnection.createClob() is not yet implemented.
	at org.postgresql.Driver.notImplemented(Driver.java:683) ~[postgresql-42.2.2.jar:42.2.2]
	at org.postgresql.jdbc.PgConnection.createClob(PgConnection.java:1252) ~[postgresql-42.2.2.jar:42.2.2]
	... 49 common frames omitted

2018-06-13 17:29:07.764  INFO 66 --- [  restartedMain] org.hibernate.type.BasicTypeRegistry     : HHH000270: Type registration [java.util.UUID] overrides previous : org.hibernate.type.UUIDBinaryType@72a366d0
2018-06-13 17:29:09.936  INFO 66 --- [  restartedMain] j.LocalContainerEntityManagerFactoryBean : Initialized JPA EntityManagerFactory for persistence unit 'default'
2018-06-13 17:29:11.684  INFO 66 --- [  restartedMain] o.s.w.s.handler.SimpleUrlHandlerMapping  : Mapped URL path [/**/favicon.ico] onto handler of type [class org.springframework.web.servlet.resource.ResourceHttpRequestHandler]
2018-06-13 17:29:12.844  INFO 66 --- [  restartedMain] s.w.s.m.m.a.RequestMappingHandlerAdapter : Looking for @ControllerAdvice: org.springframework.boot.web.servlet.context.AnnotationConfigServletWebServerApplicationContext@5bf5393: startup date [Wed Jun 13 17:28:53 GMT 2018]; root of context hierarchy
2018-06-13 17:29:13.141  WARN 66 --- [  restartedMain] aWebConfiguration$JpaWebMvcConfiguration : spring.jpa.open-in-view is enabled by default. Therefore, database queries may be performed during view rendering. Explicitly configure spring.jpa.open-in-view to disable this warning
2018-06-13 17:29:13.314  INFO 66 --- [  restartedMain] s.w.s.m.m.a.RequestMappingHandlerMapping : Mapped "{[/movie],methods=[GET],produces=[application/json]}" onto public com.example.testingspringbootmonolith.models.Movie com.example.testingspringbootmonolith.controllers.MovieController.getMovie(int) throws java.lang.Exception
2018-06-13 17:29:13.340  INFO 66 --- [  restartedMain] s.w.s.m.m.a.RequestMappingHandlerMapping : Mapped "{[/movie],methods=[POST],produces=[application/json]}" onto public boolean com.example.testingspringbootmonolith.controllers.MovieController.createMovie(com.example.testingspringbootmonolith.models.Movie) throws java.lang.Exception
2018-06-13 17:29:13.341  INFO 66 --- [  restartedMain] s.w.s.m.m.a.RequestMappingHandlerMapping : Mapped "{[/movies],methods=[GET],produces=[application/json]}" onto public java.util.List<com.example.testingspringbootmonolith.models.Movie> com.example.testingspringbootmonolith.controllers.MovieController.getMoives()
2018-06-13 17:29:13.341  INFO 66 --- [  restartedMain] s.w.s.m.m.a.RequestMappingHandlerMapping : Mapped "{[/deleteMovie],methods=[GET],produces=[application/json]}" onto public boolean com.example.testingspringbootmonolith.controllers.MovieController.delete(int) throws java.lang.Exception
2018-06-13 17:29:13.358  INFO 66 --- [  restartedMain] s.w.s.m.m.a.RequestMappingHandlerMapping : Mapped "{[/error],produces=[text/html]}" onto public org.springframework.web.servlet.ModelAndView org.springframework.boot.autoconfigure.web.servlet.error.BasicErrorController.errorHtml(javax.servlet.http.HttpServletRequest,javax.servlet.http.HttpServletResponse)
2018-06-13 17:29:13.358  INFO 66 --- [  restartedMain] s.w.s.m.m.a.RequestMappingHandlerMapping : Mapped "{[/error]}" onto public org.springframework.http.ResponseEntity<java.util.Map<java.lang.String, java.lang.Object>> org.springframework.boot.autoconfigure.web.servlet.error.BasicErrorController.error(javax.servlet.http.HttpServletRequest)
2018-06-13 17:29:13.483  INFO 66 --- [  restartedMain] o.s.w.s.handler.SimpleUrlHandlerMapping  : Mapped URL path [/webjars/**] onto handler of type [class org.springframework.web.servlet.resource.ResourceHttpRequestHandler]
2018-06-13 17:29:13.483  INFO 66 --- [  restartedMain] o.s.w.s.handler.SimpleUrlHandlerMapping  : Mapped URL path [/**] onto handler of type [class org.springframework.web.servlet.resource.ResourceHttpRequestHandler]
2018-06-13 17:29:14.594  INFO 66 --- [  restartedMain] o.s.b.d.a.OptionalLiveReloadServer       : LiveReload server is running on port 35729
2018-06-13 17:29:14.770  INFO 66 --- [  restartedMain] o.s.j.e.a.AnnotationMBeanExporter        : Registering beans for JMX exposure on startup
2018-06-13 17:29:14.782  INFO 66 --- [  restartedMain] o.s.j.e.a.AnnotationMBeanExporter        : Bean with name 'dataSource' has been autodetected for JMX exposure
2018-06-13 17:29:14.809  INFO 66 --- [  restartedMain] o.s.j.e.a.AnnotationMBeanExporter        : Located MBean 'dataSource': registering with JMX server as MBean [com.zaxxer.hikari:name=dataSource,type=HikariDataSource]
2018-06-13 17:29:15.085  INFO 66 --- [  restartedMain] o.s.b.w.embedded.tomcat.TomcatWebServer  : Tomcat started on port(s): 8080 (http) with context path ''
2018-06-13 17:29:15.145  INFO 66 --- [  restartedMain] c.e.t.MovieApplication                   : Started MovieApplication in 24.863 seconds (JVM running for 27.67)
2018-06-13 17:30:38.350  INFO 66 --- [nio-8080-exec-1] o.a.c.c.C.[Tomcat].[localhost].[/]       : Initializing Spring FrameworkServlet 'dispatcherServlet'
2018-06-13 17:30:38.350  INFO 66 --- [nio-8080-exec-1] o.s.web.servlet.DispatcherServlet        : FrameworkServlet 'dispatcherServlet': initialization started
2018-06-13 17:30:38.400  INFO 66 --- [nio-8080-exec-1] o.s.web.servlet.DispatcherServlet        : FrameworkServlet 'dispatcherServlet': initialization completed in 50 ms
2018-06-13 17:30:38.841  INFO 66 --- [nio-8080-exec-1] o.h.h.i.QueryTranslatorFactoryInitiator  : HHH000397: Using ASTQueryTranslatorFactory
thread 14: client disconnection detected, canceling the build
